<?xml version="1.0" encoding="UTF-8"?>
<!-- Generated by org.testng.reporters.JUnitXMLReporter -->
<testsuite hostname="Rajeev" name="MobileApp Test" tests="1" failures="1" timestamp="18 May 2021 16:13:43 GMT" time="22.893" errors="0">
  <testcase name="VerifyCoupon" time="13.36" classname="com.Eccomerce.TestCase.TC_009">
    <failure type="java.lang.NumberFormatException" message="For input string: &amp;quot;$25.00&amp;quot;">
      <![CDATA[java.lang.NumberFormatException: For input string: "$25.00"
	at sun.misc.FloatingDecimal.readJavaFormatString(FloatingDecimal.java:2043)
	at sun.misc.FloatingDecimal.parseDouble(FloatingDecimal.java:110)
	at java.lang.Double.parseDouble(Double.java:538)
	at com.Eccomerce.PageObject.ShopingCartPage.CompareAmoutAfterCoupon(ShopingCartPage.java:79)
	at com.Eccomerce.TestCase.TC_009.VerifyCoupon(TC_009.java:27)
... Removed 24 stack frames]]>
    </failure>
  </testcase> <!-- VerifyCoupon -->
</testsuite> <!-- MobileApp Test -->
