<?xml version="1.0" encoding="UTF-8"?>
<testng-results skipped="0" failed="0" total="1" passed="1">
  <reporter-output>
  </reporter-output>
  <suite name="Eccomerce" duration-ms="46043" started-at="2021-05-01T06:58:59Z" finished-at="2021-05-01T06:59:45Z">
    <groups>
    </groups>
    <test name="MobileApp Test" duration-ms="46043" started-at="2021-05-01T06:58:59Z" finished-at="2021-05-01T06:59:45Z">
      <class name="com.Eccomerce.TestCase.TC_006">
        <test-method status="PASS" signature="setup(java.lang.String)[pri:0, instance:com.Eccomerce.TestCase.TC_006@3b6eb2ec]" name="setup" is-config="true" duration-ms="17996" started-at="2021-05-01T12:29:00Z" finished-at="2021-05-01T12:29:18Z">
          <params>
            <param index="0">
              <value>
                <![CDATA[chrome]]>
              </value>
            </param>
          </params>
          <reporter-output>
          </reporter-output>
        </test-method> <!-- setup -->
        <test-method status="PASS" signature="VerifyUserIsAbleToPurchase()[pri:0, instance:com.Eccomerce.TestCase.TC_006@3b6eb2ec]" name="VerifyUserIsAbleToPurchase" duration-ms="26323" started-at="2021-05-01T12:29:18Z" finished-at="2021-05-01T12:29:44Z">
          <reporter-output>
          </reporter-output>
        </test-method> <!-- VerifyUserIsAbleToPurchase -->
        <test-method status="PASS" signature="tearDown()[pri:0, instance:com.Eccomerce.TestCase.TC_006@3b6eb2ec]" name="tearDown" is-config="true" duration-ms="1249" started-at="2021-05-01T12:29:44Z" finished-at="2021-05-01T12:29:45Z">
          <reporter-output>
          </reporter-output>
        </test-method> <!-- tearDown -->
      </class> <!-- com.Eccomerce.TestCase.TC_006 -->
    </test> <!-- MobileApp Test -->
  </suite> <!-- Eccomerce -->
</testng-results>
