<?xml version="1.0" encoding="UTF-8"?>
<testng-results skipped="0" failed="0" total="1" passed="1">
  <reporter-output>
  </reporter-output>
  <suite name="Default suite" duration-ms="5464" started-at="2021-06-05T19:29:08Z" finished-at="2021-06-05T19:29:14Z">
    <groups>
    </groups>
    <test name="Default test" duration-ms="5464" started-at="2021-06-05T19:29:08Z" finished-at="2021-06-05T19:29:14Z">
      <class name="com.Eccomerce.TestCase.demoInterview">
        <test-method status="PASS" signature="DemoTest()[pri:0, instance:com.Eccomerce.TestCase.demoInterview@6bdf28bb]" name="DemoTest" duration-ms="5427" started-at="2021-06-06T00:59:08Z" finished-at="2021-06-06T00:59:14Z">
          <reporter-output>
          </reporter-output>
        </test-method> <!-- DemoTest -->
      </class> <!-- com.Eccomerce.TestCase.demoInterview -->
    </test> <!-- Default test -->
  </suite> <!-- Default suite -->
</testng-results>
